<?xml version="1.0" encoding="UTF-8" ?>
<testsuites>
  <testsuite errors="0" failures="0" hostname="LAPTOP-IQADEC9T" id="0" name="ActorDAOTest" package="test" skipped="0" tests="5" time="0.999" timestamp="2019-01-03T14:59:53">
      <properties>
[...]
</properties>

      <testcase classname="test.ActorDAOTest" name="testDeleteActor" time="0.832" />

      <testcase classname="test.ActorDAOTest" name="testUpdateActor" time="0.03" />

      <testcase classname="test.ActorDAOTest" name="testGetAllActor" time="0.046" />

      <testcase classname="test.ActorDAOTest" name="testInsertActor" time="0.014" />

      <testcase classname="test.ActorDAOTest" name="testGetActorById" time="0.014" />

      <system-out><![CDATA[actorid: 2	Chinese name: 温子仁	name: James Wan
actorid: 3	Chinese name: 杰森·莫玛	name: Jason Momoa
actorid: 4	Chinese name: 克里斯托弗·麦奎里	name: Christopher McQuarrie
actorid: 6	Chinese name: 汤姆·克鲁斯	name: Tom Cruise
actorid: 7	Chinese name: 史蒂文·斯皮尔伯格	name: Steven Spielberg
actorid: 8	Chinese name: 奥利维亚·库克	name: Olivia Cooke
actorid: 10	Chinese name: 测试员	name: tester
actorid: 11	Chinese name: 测试员	name: tester
actorid: 12	Chinese name: 测试员	name: tester
actorid: 6
Chinese name: 汤姆·克鲁斯
name: Tom Cruise
]]></system-out>

      <system-err><![CDATA[]]></system-err>

  </testsuite>
  <testsuite errors="0" failures="0" hostname="LAPTOP-IQADEC9T" id="1" name="CastDAOTest" package="test" skipped="0" tests="5" time="0.972" timestamp="2019-01-03T15:00:03">
      <properties>
[...]
</properties>

      <testcase classname="test.CastDAOTest" name="testGetCastByActorId" time="0.83" />

      <testcase classname="test.CastDAOTest" name="testUpdateCast" time="0.027" />

      <testcase classname="test.CastDAOTest" name="testInsertCast" time="0.028" />

      <testcase classname="test.CastDAOTest" name="testGetCastByMovieId" time="0.013" />

      <testcase classname="test.CastDAOTest" name="testDeleteCast" time="0.013" />

      <system-out><![CDATA[castid: 8
movieid: 6
actorid: 8
role: 演员 Actress (饰 萨曼莎 / 阿尔忒密斯 Samantha Evelyn Cook / Art3mis)

castid: 10
movieid: 2
actorid: 8
role: 演员 Actress（饰 测试龙套）

castid: 11
movieid: 2
actorid: 8
role: 演员 Actress（饰 测试龙套）

castid: 12
movieid: 2
actorid: 8
role: 演员 Actress（饰 测试龙套）

castid: 1
movieid: 2
actorid: 2
role: 导演 Director

castid: 4
movieid: 2
actorid: 3
role: 演员 Actor (饰 海王 / 亚瑟·库瑞 Arthur Curry / Aquaman)

castid: 10
movieid: 2
actorid: 8
role: 演员 Actress（饰 测试龙套）

castid: 11
movieid: 2
actorid: 8
role: 演员 Actress（饰 测试龙套）

castid: 12
movieid: 2
actorid: 8
role: 演员 Actress（饰 测试龙套）

castid: 13
movieid: 2
actorid: 8
role: 演员 Actress（饰 测试龙套）

]]></system-out>

      <system-err><![CDATA[]]></system-err>

  </testsuite>
  <testsuite errors="0" failures="0" hostname="LAPTOP-IQADEC9T" id="2" name="MoiveReviewCommentDAOTest" package="test" skipped="0" tests="6" time="0.987" timestamp="2019-01-03T15:00:14">
      <properties>
[...]
</properties>

      <testcase classname="test.MoiveReviewCommentDAOTest" name="testDeleteMoviereviewcomment" time="0.816" />

      <testcase classname="test.MoiveReviewCommentDAOTest" name="testGetMoviereviewcommentByMovieReviewidId" time="0.043" />

      <testcase classname="test.MoiveReviewCommentDAOTest" name="testGetMoviereviewcommentById" time="0.018" />

      <testcase classname="test.MoiveReviewCommentDAOTest" name="testInsertMoviereviewcomment" time="0.015" />

      <testcase classname="test.MoiveReviewCommentDAOTest" name="testUpdateMoviereviewcomment" time="0.013" />

      <testcase classname="test.MoiveReviewCommentDAOTest" name="testGetMoviereviewcommentByUserId" time="0.02" />

      <system-out><![CDATA[movieReviewCommentid: 1	movieReviewid: 1	userid: 3	createtime: 2018-12-21	ReviewComment: 我觉得阿汤哥不行
movieReviewCommentid: 4	movieReviewid: 1	userid: 1	createtime: 2019-01-01	ReviewComment: test
movieReviewCommentid: 6	movieReviewid: 1	userid: 1	createtime: 2019-01-01	ReviewComment: test
movieReviewCommentid: 7	movieReviewid: 1	userid: 1	createtime: 2019-01-01	ReviewComment: test
movieReviewCommentid: 8	movieReviewid: 1	userid: 1	createtime: 2019-01-01	ReviewComment: test
movieReviewCommentid: 1
movieReviewid: 1
userid: 3
createtime: 2018-12-21
ReviewComment: 我觉得阿汤哥不行
movieReviewCommentid: 2	movieReviewid: 3	userid: 1	createtime: 2018-12-21	ReviewComment: 那我觉得海王不独特
movieReviewCommentid: 3	movieReviewid: 4	userid: 1	createtime: 2018-12-21	ReviewComment: +1
movieReviewCommentid: 4	movieReviewid: 1	userid: 1	createtime: 2019-01-01	ReviewComment: test
movieReviewCommentid: 6	movieReviewid: 1	userid: 1	createtime: 2019-01-01	ReviewComment: test
movieReviewCommentid: 7	movieReviewid: 1	userid: 1	createtime: 2019-01-01	ReviewComment: test
movieReviewCommentid: 8	movieReviewid: 1	userid: 1	createtime: 2019-01-01	ReviewComment: test
movieReviewCommentid: 9	movieReviewid: 1	userid: 1	createtime: 2019-01-01	ReviewComment: test
]]></system-out>

      <system-err><![CDATA[]]></system-err>

  </testsuite>
  <testsuite errors="0" failures="0" hostname="LAPTOP-IQADEC9T" id="3" name="MovieCommentDAOTest" package="test" skipped="0" tests="5" time="1.044" timestamp="2019-01-03T15:00:24">
      <properties>
[...]
</properties>

      <testcase classname="test.MovieCommentDAOTest" name="testGetMoviecommentByMovieId" time="0.896" />

      <testcase classname="test.MovieCommentDAOTest" name="testDeleteMoviecomment" time="0.027" />

      <testcase classname="test.MovieCommentDAOTest" name="testInsertMoviecomment" time="0.025" />

      <testcase classname="test.MovieCommentDAOTest" name="testUpdateMoviecomment" time="0.012" />

      <testcase classname="test.MovieCommentDAOTest" name="testGetMoviecommentByUserId" time="0.015" />

      <system-out><![CDATA[commentid: 4	userid: 5	movieid: 6	score: 1.0	commentcontent: disgusting
commentid: 3	userid: 3	movieid: 5	score: 4.0	commentcontent: not bad
]]></system-out>

      <system-err><![CDATA[]]></system-err>

  </testsuite>
  <testsuite errors="0" failures="0" hostname="LAPTOP-IQADEC9T" id="4" name="MovieDAOTest" package="test" skipped="0" tests="5" time="0.99" timestamp="2019-01-03T15:00:35">
      <properties>
[...]
</properties>

      <testcase classname="test.MovieDAOTest" name="testGetMovieById" time="0.839" />

      <testcase classname="test.MovieDAOTest" name="testDeleteMovie" time="0.031" />

      <testcase classname="test.MovieDAOTest" name="testUpdateMovie" time="0.027" />

      <testcase classname="test.MovieDAOTest" name="testGetAllMovie" time="0.014" />

      <testcase classname="test.MovieDAOTest" name="testInsertMovie" time="0.013" />

      <system-out><![CDATA[movieid: 2
movie Chinese name: 海王
movie name: Aquaman
movieid: 2	movie Chinese name: 海王	movie name: Aquaman
movieid: 5	movie Chinese name: 碟中谍6：全面瓦解	movie name: Mission: Impossible - Fallout
movieid: 6	movie Chinese name: 头号玩家	movie name: Ready Player One
movieid: 8	movie Chinese name: 测试	movie name: test
movieid: 9	movie Chinese name: 测试	movie name: test
movieid: 10	movie Chinese name: 测试	movie name: test
movieid: 11	movie Chinese name: 测试	movie name: test
]]></system-out>

      <system-err><![CDATA[]]></system-err>

  </testsuite>
  <testsuite errors="0" failures="0" hostname="LAPTOP-IQADEC9T" id="5" name="MovieReviewDAOTest" package="test" skipped="0" tests="6" time="1.062" timestamp="2019-01-03T15:00:47">
      <properties>
[...]
</properties>

      <testcase classname="test.MovieReviewDAOTest" name="testInsertMoviereview" time="0.856" />

      <testcase classname="test.MovieReviewDAOTest" name="testGetMoviereviewById" time="0.053" />

      <testcase classname="test.MovieReviewDAOTest" name="testUpdateMoviereview" time="0.021" />

      <testcase classname="test.MovieReviewDAOTest" name="testGetMoviereviewByTopicId" time="0.015" />

      <testcase classname="test.MovieReviewDAOTest" name="testGetMoviereviewByUserId" time="0.025" />

      <testcase classname="test.MovieReviewDAOTest" name="testDeleteMoviereview" time="0.017" />

      <system-out><![CDATA[moviereviewid: 1
topicid: 1
userid: 1
reviewcontent: 阿汤哥真帅
moviereviewid: 1	topicid: 1	userid: 1	reviewcontent: 阿汤哥真帅
moviereviewid: 5	topicid: 1	userid: 3	reviewcontent: test
moviereviewid: 7	topicid: 1	userid: 3	reviewcontent: test
moviereviewid: 8	topicid: 1	userid: 3	reviewcontent: test
moviereviewid: 9	topicid: 1	userid: 3	reviewcontent: test
moviereviewid: 10	topicid: 1	userid: 3	reviewcontent: test
moviereviewid: 3	topicid: 2	userid: 3	reviewcontent: 那是真的独特
moviereviewid: 5	topicid: 1	userid: 3	reviewcontent: test
moviereviewid: 7	topicid: 1	userid: 3	reviewcontent: test
moviereviewid: 8	topicid: 1	userid: 3	reviewcontent: test
moviereviewid: 9	topicid: 1	userid: 3	reviewcontent: test
moviereviewid: 10	topicid: 1	userid: 3	reviewcontent: test
]]></system-out>

      <system-err><![CDATA[]]></system-err>

  </testsuite>
  <testsuite errors="0" failures="0" hostname="LAPTOP-IQADEC9T" id="6" name="MovieTypeDAOTest" package="test" skipped="0" tests="5" time="0.967" timestamp="2019-01-03T15:00:57">
      <properties>
[...]
</properties>

      <testcase classname="test.MovieTypeDAOTest" name="testUpdateMovietype" time="0.797" />

      <testcase classname="test.MovieTypeDAOTest" name="testInsertMovietype" time="0.032" />

      <testcase classname="test.MovieTypeDAOTest" name="testGetMovietypeByTypeId" time="0.028" />

      <testcase classname="test.MovieTypeDAOTest" name="testGetMovietypeByMovieId" time="0.023" />

      <testcase classname="test.MovieTypeDAOTest" name="testDeleteMovietype" time="0.016" />

      <system-out><![CDATA[getMovietypeByTypeId:
movieid: 2	typeid: 2
movieid: 5	typeid: 2
movieid: 6	typeid: 2
getMovietypeByMovieId():
movieid: 2	typeid: 1
movieid: 2	typeid: 2
movieid: 2	typeid: 4
]]></system-out>

      <system-err><![CDATA[]]></system-err>

  </testsuite>
  <testsuite errors="0" failures="0" hostname="LAPTOP-IQADEC9T" id="7" name="TopicDAOTest" package="test" skipped="0" tests="5" time="0.978" timestamp="2019-01-03T15:01:07">
      <properties>
[...]
</properties>

      <testcase classname="test.TopicDAOTest" name="testDeleteTopic" time="0.805" />

      <testcase classname="test.TopicDAOTest" name="testUpdateTopic" time="0.028" />

      <testcase classname="test.TopicDAOTest" name="testGetAllTopic" time="0.043" />

      <testcase classname="test.TopicDAOTest" name="testInsertTopic" time="0.02" />

      <testcase classname="test.TopicDAOTest" name="testGetTopicById" time="0.017" />

      <system-out><![CDATA[topicid: 1	topic: 如何看待阿汤哥在《碟中谍6》中的表演？	count: 50
topicid: 2	topic: 《海王》在DC电影宇宙中有何独特之处？	count: 30
topicid: 3	topic: 在史蒂文·斯皮尔伯格的作品中，《头号玩家》的剧作表现处于什么水平？	count: 40
topicid: 5	topic: 《海王》中有哪些令你印象深刻的片段？	count: 0
topicid: 6	topic: 《海王》中有哪些令你印象深刻的片段？	count: 0
topicid: 7	topic: 《海王》中有哪些令你印象深刻的片段？	count: 0
topicid: 1
topic: 如何看待阿汤哥在《碟中谍6》中的表演？
count: 50
]]></system-out>

      <system-err><![CDATA[]]></system-err>

  </testsuite>
  <testsuite errors="0" failures="0" hostname="LAPTOP-IQADEC9T" id="8" name="TypeDAOTest" package="test" skipped="0" tests="5" time="0.989" timestamp="2019-01-03T15:01:16">
      <properties>
[...]
</properties>

      <testcase classname="test.TypeDAOTest" name="testUpdateType" time="0.838" />

      <testcase classname="test.TypeDAOTest" name="testGetAllType" time="0.034" />

      <testcase classname="test.TypeDAOTest" name="testInsertType" time="0.02" />

      <testcase classname="test.TypeDAOTest" name="testGetTypeById" time="0.011" />

      <testcase classname="test.TypeDAOTest" name="testDeleteType" time="0.016" />

      <system-out><![CDATA[typeid: 1	typename: 动作
typeid: 2	typename: 冒险
typeid: 3	typename: 科幻
typeid: 4	typename: 奇幻
typeid: 5	typename: 惊悚
typeid: 7	typename: 测试
typeid: 8	typename: 测试
typeid: 9	typename: 测试
typeid: 4
typename: 奇幻
]]></system-out>

      <system-err><![CDATA[]]></system-err>

  </testsuite>
  <testsuite errors="0" failures="0" hostname="LAPTOP-IQADEC9T" id="9" name="UserDAOTest" package="test" skipped="0" tests="6" time="1.059" timestamp="2019-01-03T15:01:29">
      <properties>
[...]
</properties>

      <testcase classname="test.UserDAOTest" name="testGetUserByEmail" time="0.885" />

      <testcase classname="test.UserDAOTest" name="testUpdateUser" time="0.032" />

      <testcase classname="test.UserDAOTest" name="testGetAllUser" time="0.019" />

      <testcase classname="test.UserDAOTest" name="testInsertUser" time="0.016" />

      <testcase classname="test.UserDAOTest" name="testDeleteUser" time="0.017" />

      <testcase classname="test.UserDAOTest" name="testGetUserById" time="0.018" />

      <system-out><![CDATA[userid: 5
username: user3
password: 333
nickname: 333
email: 333@qq.com
areacode: 0091
phone: 8790071994
userid: 1	username: user1	password: 111
userid: 3	username: user2	password: 222
userid: 5	username: user3	password: 333
userid: 7	username: test	password: 123
userid: 8	username: test	password: 123
userid: 9	username: test	password: 123
userid: 10	username: test	password: 123
userid: 11	username: test	password: 123
13970837407
userid: 3
username: user2
password: 222
nickname: 222
email: 222@qq.com
areacode: 0086
phone: 13566248852
]]></system-out>

      <system-err><![CDATA[]]></system-err>

  </testsuite>
</testsuites>
