<?xml version="1.0" encoding="UTF-8" ?>
<testsuite errors="0" failures="0" hostname="LAPTOP-IQADEC9T" name="test.CastDAOTest" skipped="0" tests="5" time="0.972" timestamp="2019-01-03T15:00:03">
  <properties>
[...]
</properties>
  <testcase classname="test.CastDAOTest" name="testGetCastByActorId" time="0.83" />
  <testcase classname="test.CastDAOTest" name="testUpdateCast" time="0.027" />
  <testcase classname="test.CastDAOTest" name="testInsertCast" time="0.028" />
  <testcase classname="test.CastDAOTest" name="testGetCastByMovieId" time="0.013" />
  <testcase classname="test.CastDAOTest" name="testDeleteCast" time="0.013" />
  <system-out><![CDATA[castid: 8
movieid: 6
actorid: 8
role: 演员 Actress (饰 萨曼莎 / 阿尔忒密斯 Samantha Evelyn Cook / Art3mis)

castid: 10
movieid: 2
actorid: 8
role: 演员 Actress（饰 测试龙套）

castid: 11
movieid: 2
actorid: 8
role: 演员 Actress（饰 测试龙套）

castid: 12
movieid: 2
actorid: 8
role: 演员 Actress（饰 测试龙套）

castid: 1
movieid: 2
actorid: 2
role: 导演 Director

castid: 4
movieid: 2
actorid: 3
role: 演员 Actor (饰 海王 / 亚瑟·库瑞 Arthur Curry / Aquaman)

castid: 10
movieid: 2
actorid: 8
role: 演员 Actress（饰 测试龙套）

castid: 11
movieid: 2
actorid: 8
role: 演员 Actress（饰 测试龙套）

castid: 12
movieid: 2
actorid: 8
role: 演员 Actress（饰 测试龙套）

castid: 13
movieid: 2
actorid: 8
role: 演员 Actress（饰 测试龙套）

]]></system-out>
  <system-err><![CDATA[]]></system-err>
</testsuite>
